[2018-12-16 23:33:07] local.ERROR: View [admin.layouts.massage] not found. (View: C:\xampp\htdocs\new-ecommerce\resources\views\admin\index.blade.php) (View: C:\xampp\htdocs\new-ecommerce\resources\views\admin\index.blade.php) {"exception":"[object] (ErrorException(code: 0): View [admin.layouts.massage] not found. (View: C:\\xampp\\htdocs\
ew-ecommerce\esources\\views\\admin\\index.blade.php) (View: C:\\xampp\\htdocs\
ew-ecommerce\esources\\views\\admin\\index.blade.php) at C:\\xampp\\htdocs\
ew-ecommerce\\vendor\\laravel\\framework\\src\\Illuminate\\View\\FileViewFinder.php:137, ErrorException(code: 0): View [admin.layouts.massage] not found. (View: C:\\xampp\\htdocs\
ew-ecommerce\esources\\views\\admin\\index.blade.php) at C:\\xampp\\htdocs\
ew-ecommerce\\vendor\\laravel\\framework\\src\\Illuminate\\View\\FileViewFinder.php:137, InvalidArgumentException(code: 0): View [admin.layouts.massage] not found. at C:\\xampp\\htdocs\
ew-ecommerce\\vendor\\laravel\\framework\\src\\Illuminate\\View\\FileViewFinder.php:137)
[stacktrace]
#0 C:\\xampp\\htdocs\
ew-ecommerce\\vendor\\laravel\\framework\\src\\Illuminate\\View\\Engines\\PhpEngine.php(45): Illuminate\\View\\Engines\\CompilerEngine->handleViewException(Object(ErrorException), 1)
#1 C:\\xampp\\htdocs\
ew-ecommerce\\vendor\\laravel\\framework\\src\\Illuminate\\View\\Engines\\CompilerEngine.php(59): Illuminate\\View\\Engines\\PhpEngine->evaluatePath('C:\\\\xampp\\\\htdocs...', Array)
#2 C:\\xampp\\htdocs\
ew-ecommerce\\vendor\\laravel\\framework\\src\\Illuminate\\View\\View.php(137): Illuminate\\View\\Engines\\CompilerEngine->get('C:\\\\xampp\\\\htdocs...', Array)
#3 C:\\xampp\\htdocs\
ew-ecommerce\\vendor\\laravel\\framework\\src\\Illuminate\\View\\View.php(120): Illuminate\\View\\View->getContents()
#4 C:\\xampp\\htdocs\
ew-ecommerce\\vendor\\laravel\\framework\\src\\Illuminate\\View\\View.php(85): Illuminate\\View\\View->renderContents()
#5 C:\\xampp\\htdocs\
ew-ecommerce\\vendor\\laravel\\framework\\src\\Illuminate\\Http\\Response.php(42): Illuminate\\View\\View->render()
#6 C:\\xampp\\htdocs\
ew-ecommerce\\vendor\\symfony\\http-foundation\\Response.php(206): Illuminate\\Http\\Response->setContent(Object(Illuminate\\View\\View))
#7 C:\\xampp\\htdocs\
ew-ecommerce\\vendor\\laravel\\framework\\src\\Illuminate\\Routing\\Router.php(724): Symfony\\Component\\HttpFoundation\\Response->__construct(Object(Illuminate\\View\\View))
#8 C:\\xampp\\htdocs\
ew-ecommerce\\vendor\\laravel\\framework\\src\\Illuminate\\Routing\\Router.php(698): Illuminate\\Routing\\Router::toResponse(Object(Illuminate\\Http\\Request), Object(Illuminate\\View\\View))
#9 C:\\xampp\\htdocs\
ew-ecommerce\\vendor\\laravel\\framework\\src\\Illuminate\\Routing\\Router.php(658): Illuminate\\Routing\\Router->prepareResponse(Object(Illuminate\\Http\\Request), Object(Illuminate\\View\\View))
#10 C:\\xampp\\htdocs\
ew-ecommerce\\vendor\\laravel\\framework\\src\\Illuminate\\Routing\\Pipeline.php(30): Illuminate\\Routing\\Router->Illuminate\\Routing\\{closure}(Object(Illuminate\\Http\\Request))
#11 C:\\xampp\\htdocs\
ew-ecommerce\\vendor\\laravel\\framework\\src\\Illuminate\\Routing\\Middleware\\SubstituteBindings.php(41): Illuminate\\Routing\\Pipeline->Illuminate\\Routing\\{closure}(Object(Illuminate\\Http\\Request))
#12 C:\\xampp\\htdocs\
ew-ecommerce\\vendor\\laravel\\framework\\src\\Illuminate\\Pipeline\\Pipeline.php(149): Illuminate\\Routing\\Middleware\\SubstituteBindings->handle(Object(Illuminate\\Http\\Request), Object(Closure))
#13 C:\\xampp\\htdocs\
ew-ecommerce\\vendor\\laravel\\framework\\src\\Illuminate\\Routing\\Pipeline.php(53): Illuminate\\Pipeline\\Pipeline->Illuminate\\Pipeline\\{closure}(Object(Illuminate\\Http\\Request))
#14 C:\\xampp\\htdocs\
ew-ecommerce\\vendor\\laravel\\framework\\src\\Illuminate\\Foundation\\Http\\Middleware\\VerifyCsrfToken.php(68): Illuminate\\Routing\\Pipeline->Illuminate\\Routing\\{closure}(Object(Illuminate\\Http\\Request))
#15 C:\\xampp\\htdocs\
ew-ecommerce\\vendor\\laravel\\framework\\src\\Illuminate\\Pipeline\\Pipeline.php(149): Illuminate\\Foundation\\Http\\Middleware\\VerifyCsrfToken->handle(Object(Illuminate\\Http\\Request), Object(Closure))
#16 C:\\xampp\\htdocs\
ew-ecommerce\\vendor\\laravel\\framework\\src\\Illuminate\\Routing\\Pipeline.php(53): Illuminate\\Pipeline\\Pipeline->Illuminate\\Pipeline\\{closure}(Object(Illuminate\\Http\\Request))
#17 C:\\xampp\\htdocs\
ew-ecommerce\\vendor\\laravel\\framework\\src\\Illuminate\\View\\Middleware\\ShareErrorsFromSession.php(49): Illuminate\\Routing\\Pipeline->Illuminate\\Routing\\{closure}(Object(Illuminate\\Http\\Request))
#18 C:\\xampp\\htdocs\
ew-ecommerce\\vendor\\laravel\\framework\\src\\Illuminate\\Pipeline\\Pipeline.php(149): Illuminate\\View\\Middleware\\ShareErrorsFromSession->handle(Object(Illuminate\\Http\\Request), Object(Closure))
#19 C:\\xampp\\htdocs\
ew-ecommerce\\vendor\\laravel\\framework\\src\\Illuminate\\Routing\\Pipeline.php(53): Illuminate\\Pipeline\\Pipeline->Illuminate\\Pipeline\\{closure}(Object(Illuminate\\Http\\Request))
#20 C:\\xampp\\htdocs\
ew-ecommerce\\vendor\\laravel\\framework\\src\\Illuminate\\Session\\Middleware\\StartSession.php(63): Illuminate\\Routing\\Pipeline->Illuminate\\Routing\\{closure}(Object(Illuminate\\Http\\Request))
#21 C:\\xampp\\htdocs\
ew-ecommerce\\vendor\\laravel\\framework\\src\\Illuminate\\Pipeline\\Pipeline.php(149): Illuminate\\Session\\Middleware\\StartSession->handle(Object(Illuminate\\Http\\Request), Object(Closure))
#22 C:\\xampp\\htdocs\
ew-ecommerce\\vendor\\laravel\\framework\\src\\Illuminate\\Routing\\Pipeline.php(53): Illuminate\\Pipeline\\Pipeline->Illuminate\\Pipeline\\{closure}(Object(Illuminate\\Http\\Request))
#23 C:\\xampp\\htdocs\
ew-ecommerce\\vendor\\laravel\\framework\\src\\Illuminate\\Cookie\\Middleware\\AddQueuedCookiesToResponse.php(37): Illuminate\\Routing\\Pipeline->Illuminate\\Routing\\{closure}(Object(Illuminate\\Http\\Request))
#24 C:\\xampp\\htdocs\
ew-ecommerce\\vendor\\laravel\\framework\\src\\Illuminate\\Pipeline\\Pipeline.php(149): Illuminate\\Cookie\\Middleware\\AddQueuedCookiesToResponse->handle(Object(Illuminate\\Http\\Request), Object(Closure))
#25 C:\\xampp\\htdocs\
ew-ecommerce\\vendor\\laravel\\framework\\src\\Illuminate\\Routing\\Pipeline.php(53): Illuminate\\Pipeline\\Pipeline->Illuminate\\Pipeline\\{closure}(Object(Illuminate\\Http\\Request))
#26 C:\\xampp\\htdocs\
ew-ecommerce\\vendor\\laravel\\framework\\src\\Illuminate\\Cookie\\Middleware\\EncryptCookies.php(66): Illuminate\\Routing\\Pipeline->Illuminate\\Routing\\{closure}(Object(Illuminate\\Http\\Request))
#27 C:\\xampp\\htdocs\
ew-ecommerce\\vendor\\laravel\\framework\\src\\Illuminate\\Pipeline\\Pipeline.php(149): Illuminate\\Cookie\\Middleware\\EncryptCookies->handle(Object(Illuminate\\Http\\Request), Object(Closure))
#28 C:\\xampp\\htdocs\
ew-ecommerce\\vendor\\laravel\\framework\\src\\Illuminate\\Routing\\Pipeline.php(53): Illuminate\\Pipeline\\Pipeline->Illuminate\\Pipeline\\{closure}(Object(Illuminate\\Http\\Request))
#29 C:\\xampp\\htdocs\
ew-ecommerce\\vendor\\laravel\\framework\\src\\Illuminate\\Pipeline\\Pipeline.php(102): Illuminate\\Routing\\Pipeline->Illuminate\\Routing\\{closure}(Object(Illuminate\\Http\\Request))
#30 C:\\xampp\\htdocs\
ew-ecommerce\\vendor\\laravel\\framework\\src\\Illuminate\\Routing\\Router.php(660): Illuminate\\Pipeline\\Pipeline->then(Object(Closure))
#31 C:\\xampp\\htdocs\
ew-ecommerce\\vendor\\laravel\\framework\\src\\Illuminate\\Routing\\Router.php(635): Illuminate\\Routing\\Router->runRouteWithinStack(Object(Illuminate\\Routing\\Route), Object(Illuminate\\Http\\Request))
#32 C:\\xampp\\htdocs\
ew-ecommerce\\vendor\\laravel\\framework\\src\\Illuminate\\Routing\\Router.php(601): Illuminate\\Routing\\Router->runRoute(Object(Illuminate\\Http\\Request), Object(Illuminate\\Routing\\Route))
#33 C:\\xampp\\htdocs\
ew-ecommerce\\vendor\\laravel\\framework\\src\\Illuminate\\Routing\\Router.php(590): Illuminate\\Routing\\Router->dispatchToRoute(Object(Illuminate\\Http\\Request))
#34 C:\\xampp\\htdocs\
ew-ecommerce\\vendor\\laravel\\framework\\src\\Illuminate\\Foundation\\Http\\Kernel.php(176): Illuminate\\Routing\\Router->dispatch(Object(Illuminate\\Http\\Request))
#35 C:\\xampp\\htdocs\
ew-ecommerce\\vendor\\laravel\\framework\\src\\Illuminate\\Routing\\Pipeline.php(30): Illuminate\\Foundation\\Http\\Kernel->Illuminate\\Foundation\\Http\\{closure}(Object(Illuminate\\Http\\Request))
#36 C:\\xampp\\htdocs\
ew-ecommerce\\vendor\\fideloper\\proxy\\src\\TrustProxies.php(56): Illuminate\\Routing\\Pipeline->Illuminate\\Routing\\{closure}(Object(Illuminate\\Http\\Request))
#37 C:\\xampp\\htdocs\
ew-ecommerce\\vendor\\laravel\\framework\\src\\Illuminate\\Pipeline\\Pipeline.php(149): Fideloper\\Proxy\\TrustProxies->handle(Object(Illuminate\\Http\\Request), Object(Closure))
#38 C:\\xampp\\htdocs\
ew-ecommerce\\vendor\\laravel\\framework\\src\\Illuminate\\Routing\\Pipeline.php(53): Illuminate\\Pipeline\\Pipeline->Illuminate\\Pipeline\\{closure}(Object(Illuminate\\Http\\Request))
#39 C:\\xampp\\htdocs\
ew-ecommerce\\vendor\\laravel\\framework\\src\\Illuminate\\Foundation\\Http\\Middleware\\TransformsRequest.php(30): Illuminate\\Routing\\Pipeline->Illuminate\\Routing\\{closure}(Object(Illuminate\\Http\\Request))
#40 C:\\xampp\\htdocs\
ew-ecommerce\\vendor\\laravel\\framework\\src\\Illuminate\\Pipeline\\Pipeline.php(149): Illuminate\\Foundation\\Http\\Middleware\\TransformsRequest->handle(Object(Illuminate\\Http\\Request), Object(Closure))
#41 C:\\xampp\\htdocs\
ew-ecommerce\\vendor\\laravel\\framework\\src\\Illuminate\\Routing\\Pipeline.php(53): Illuminate\\Pipeline\\Pipeline->Illuminate\\Pipeline\\{closure}(Object(Illuminate\\Http\\Request))
#42 C:\\xampp\\htdocs\
ew-ecommerce\\vendor\\laravel\\framework\\src\\Illuminate\\Foundation\\Http\\Middleware\\TransformsRequest.php(30): Illuminate\\Routing\\Pipeline->Illuminate\\Routing\\{closure}(Object(Illuminate\\Http\\Request))
#43 C:\\xampp\\htdocs\
ew-ecommerce\\vendor\\laravel\\framework\\src\\Illuminate\\Pipeline\\Pipeline.php(149): Illuminate\\Foundation\\Http\\Middleware\\TransformsRequest->handle(Object(Illuminate\\Http\\Request), Object(Closure))
#44 C:\\xampp\\htdocs\
ew-ecommerce\\vendor\\laravel\\framework\\src\\Illuminate\\Routing\\Pipeline.php(53): Illuminate\\Pipeline\\Pipeline->Illuminate\\Pipeline\\{closure}(Object(Illuminate\\Http\\Request))
#45 C:\\xampp\\htdocs\
ew-ecommerce\\vendor\\laravel\\framework\\src\\Illuminate\\Foundation\\Http\\Middleware\\ValidatePostSize.php(27): Illuminate\\Routing\\Pipeline->Illuminate\\Routing\\{closure}(Object(Illuminate\\Http\\Request))
#46 C:\\xampp\\htdocs\
ew-ecommerce\\vendor\\laravel\\framework\\src\\Illuminate\\Pipeline\\Pipeline.php(149): Illuminate\\Foundation\\Http\\Middleware\\ValidatePostSize->handle(Object(Illuminate\\Http\\Request), Object(Closure))
#47 C:\\xampp\\htdocs\
ew-ecommerce\\vendor\\laravel\\framework\\src\\Illuminate\\Routing\\Pipeline.php(53): Illuminate\\Pipeline\\Pipeline->Illuminate\\Pipeline\\{closure}(Object(Illuminate\\Http\\Request))
#48 C:\\xampp\\htdocs\
ew-ecommerce\\vendor\\laravel\\framework\\src\\Illuminate\\Foundation\\Http\\Middleware\\CheckForMaintenanceMode.php(46): Illuminate\\Routing\\Pipeline->Illuminate\\Routing\\{closure}(Object(Illuminate\\Http\\Request))
#49 C:\\xampp\\htdocs\
ew-ecommerce\\vendor\\laravel\\framework\\src\\Illuminate\\Pipeline\\Pipeline.php(149): Illuminate\\Foundation\\Http\\Middleware\\CheckForMaintenanceMode->handle(Object(Illuminate\\Http\\Request), Object(Closure))
#50 C:\\xampp\\htdocs\
ew-ecommerce\\vendor\\laravel\\framework\\src\\Illuminate\\Routing\\Pipeline.php(53): Illuminate\\Pipeline\\Pipeline->Illuminate\\Pipeline\\{closure}(Object(Illuminate\\Http\\Request))
#51 C:\\xampp\\htdocs\
ew-ecommerce\\vendor\\laravel\\framework\\src\\Illuminate\\Pipeline\\Pipeline.php(102): Illuminate\\Routing\\Pipeline->Illuminate\\Routing\\{closure}(Object(Illuminate\\Http\\Request))
#52 C:\\xampp\\htdocs\
ew-ecommerce\\vendor\\laravel\\framework\\src\\Illuminate\\Foundation\\Http\\Kernel.php(151): Illuminate\\Pipeline\\Pipeline->then(Object(Closure))
#53 C:\\xampp\\htdocs\
ew-ecommerce\\vendor\\laravel\\framework\\src\\Illuminate\\Foundation\\Http\\Kernel.php(116): Illuminate\\Foundation\\Http\\Kernel->sendRequestThroughRouter(Object(Illuminate\\Http\\Request))
#54 C:\\xampp\\htdocs\
ew-ecommerce\\public\\index.php(55): Illuminate\\Foundation\\Http\\Kernel->handle(Object(Illuminate\\Http\\Request))
#55 C:\\xampp\\htdocs\
ew-ecommerce\\server.php(21): require_once('C:\\\\xampp\\\\htdocs...')
#56 {main}
"} 
[2018-12-17 03:44:55] local.ERROR: SQLSTATE[42000]: Syntax error or access violation: 1071 Specified key was too long; max key length is 767 bytes (SQL: alter table `users` add unique `users_email_unique`(`email`)) {"exception":"[object] (Illuminate\\Database\\QueryException(code: 42000): SQLSTATE[42000]: Syntax error or access violation: 1071 Specified key was too long; max key length is 767 bytes (SQL: alter table `users` add unique `users_email_unique`(`email`)) at C:\\xampp\\htdocs\\E-commerceApp\\vendor\\laravel\\framework\\src\\Illuminate\\Database\\Connection.php:664, PDOException(code: 42000): SQLSTATE[42000]: Syntax error or access violation: 1071 Specified key was too long; max key length is 767 bytes at C:\\xampp\\htdocs\\E-commerceApp\\vendor\\laravel\\framework\\src\\Illuminate\\Database\\Connection.php:458)
[stacktrace]
#0 C:\\xampp\\htdocs\\E-commerceApp\\vendor\\laravel\\framework\\src\\Illuminate\\Database\\Connection.php(624): Illuminate\\Database\\Connection->runQueryCallback('alter table `us...', Array, Object(Closure))
#1 C:\\xampp\\htdocs\\E-commerceApp\\vendor\\laravel\\framework\\src\\Illuminate\\Database\\Connection.php(459): Illuminate\\Database\\Connection->run('alter table `us...', Array, Object(Closure))
#2 C:\\xampp\\htdocs\\E-commerceApp\\vendor\\laravel\\framework\\src\\Illuminate\\Database\\Schema\\Blueprint.php(86): Illuminate\\Database\\Connection->statement('alter table `us...')
#3 C:\\xampp\\htdocs\\E-commerceApp\\vendor\\laravel\\framework\\src\\Illuminate\\Database\\Schema\\Builder.php(252): Illuminate\\Database\\Schema\\Blueprint->build(Object(Illuminate\\Database\\MySqlConnection), Object(Illuminate\\Database\\Schema\\Grammars\\MySqlGrammar))
#4 C:\\xampp\\htdocs\\E-commerceApp\\vendor\\laravel\\framework\\src\\Illuminate\\Database\\Schema\\Builder.php(165): Illuminate\\Database\\Schema\\Builder->build(Object(Illuminate\\Database\\Schema\\Blueprint))
#5 C:\\xampp\\htdocs\\E-commerceApp\\vendor\\laravel\\framework\\src\\Illuminate\\Support\\Facades\\Facade.php(221): Illuminate\\Database\\Schema\\Builder->create('users', Object(Closure))
#6 C:\\xampp\\htdocs\\E-commerceApp\\database\\migrations\\2014_10_12_000000_create_users_table.php(23): Illuminate\\Support\\Facades\\Facade::__callStatic('create', Array)
#7 C:\\xampp\\htdocs\\E-commerceApp\\vendor\\laravel\\framework\\src\\Illuminate\\Database\\Migrations\\Migrator.php(359): CreateUsersTable->up()
#8 C:\\xampp\\htdocs\\E-commerceApp\\vendor\\laravel\\framework\\src\\Illuminate\\Database\\Migrations\\Migrator.php(366): Illuminate\\Database\\Migrations\\Migrator->Illuminate\\Database\\Migrations\\{closure}()
#9 C:\\xampp\\htdocs\\E-commerceApp\\vendor\\laravel\\framework\\src\\Illuminate\\Database\\Migrations\\Migrator.php(177): Illuminate\\Database\\Migrations\\Migrator->runMigration(Object(CreateUsersTable), 'up')
#10 C:\\xampp\\htdocs\\E-commerceApp\\vendor\\laravel\\framework\\src\\Illuminate\\Database\\Migrations\\Migrator.php(146): Illuminate\\Database\\Migrations\\Migrator->runUp('C:\\\\xampp\\\\htdocs...', 1, false)
#11 C:\\xampp\\htdocs\\E-commerceApp\\vendor\\laravel\\framework\\src\\Illuminate\\Database\\Migrations\\Migrator.php(95): Illuminate\\Database\\Migrations\\Migrator->runPending(Array, Array)
#12 C:\\xampp\\htdocs\\E-commerceApp\\vendor\\laravel\\framework\\src\\Illuminate\\Database\\Console\\Migrations\\MigrateCommand.php(69): Illuminate\\Database\\Migrations\\Migrator->run(Array, Array)
#13 [internal function]: Illuminate\\Database\\Console\\Migrations\\MigrateCommand->handle()
#14 C:\\xampp\\htdocs\\E-commerceApp\\vendor\\laravel\\framework\\src\\Illuminate\\Container\\BoundMethod.php(29): call_user_func_array(Array, Array)
#15 C:\\xampp\\htdocs\\E-commerceApp\\vendor\\laravel\\framework\\src\\Illuminate\\Container\\BoundMethod.php(87): Illuminate\\Container\\BoundMethod::Illuminate\\Container\\{closure}()
#16 C:\\xampp\\htdocs\\E-commerceApp\\vendor\\laravel\\framework\\src\\Illuminate\\Container\\BoundMethod.php(31): Illuminate\\Container\\BoundMethod::callBoundMethod(Object(Illuminate\\Foundation\\Application), Array, Object(Closure))
#17 C:\\xampp\\htdocs\\E-commerceApp\\vendor\\laravel\\framework\\src\\Illuminate\\Container\\Container.php(549): Illuminate\\Container\\BoundMethod::call(Object(Illuminate\\Foundation\\Application), Array, Array, NULL)
#18 C:\\xampp\\htdocs\\E-commerceApp\\vendor\\laravel\\framework\\src\\Illuminate\\Console\\Command.php(183): Illuminate\\Container\\Container->call(Array)
#19 C:\\xampp\\htdocs\\E-commerceApp\\vendor\\symfony\\console\\Command\\Command.php(255): Illuminate\\Console\\Command->execute(Object(Symfony\\Component\\Console\\Input\\ArgvInput), Object(Illuminate\\Console\\OutputStyle))
#20 C:\\xampp\\htdocs\\E-commerceApp\\vendor\\laravel\\framework\\src\\Illuminate\\Console\\Command.php(170): Symfony\\Component\\Console\\Command\\Command->run(Object(Symfony\\Component\\Console\\Input\\ArgvInput), Object(Illuminate\\Console\\OutputStyle))
#21 C:\\xampp\\htdocs\\E-commerceApp\\vendor\\symfony\\console\\Application.php(953): Illuminate\\Console\\Command->run(Object(Symfony\\Component\\Console\\Input\\ArgvInput), Object(Symfony\\Component\\Console\\Output\\ConsoleOutput))
#22 C:\\xampp\\htdocs\\E-commerceApp\\vendor\\symfony\\console\\Application.php(248): Symfony\\Component\\Console\\Application->doRunCommand(Object(Illuminate\\Database\\Console\\Migrations\\MigrateCommand), Object(Symfony\\Component\\Console\\Input\\ArgvInput), Object(Symfony\\Component\\Console\\Output\\ConsoleOutput))
#23 C:\\xampp\\htdocs\\E-commerceApp\\vendor\\symfony\\console\\Application.php(148): Symfony\\Component\\Console\\Application->doRun(Object(Symfony\\Component\\Console\\Input\\ArgvInput), Object(Symfony\\Component\\Console\\Output\\ConsoleOutput))
#24 C:\\xampp\\htdocs\\E-commerceApp\\vendor\\laravel\\framework\\src\\Illuminate\\Console\\Application.php(88): Symfony\\Component\\Console\\Application->run(Object(Symfony\\Component\\Console\\Input\\ArgvInput), Object(Symfony\\Component\\Console\\Output\\ConsoleOutput))
#25 C:\\xampp\\htdocs\\E-commerceApp\\vendor\\laravel\\framework\\src\\Illuminate\\Foundation\\Console\\Kernel.php(121): Illuminate\\Console\\Application->run(Object(Symfony\\Component\\Console\\Input\\ArgvInput), Object(Symfony\\Component\\Console\\Output\\ConsoleOutput))
#26 C:\\xampp\\htdocs\\E-commerceApp\\artisan(37): Illuminate\\Foundation\\Console\\Kernel->handle(Object(Symfony\\Component\\Console\\Input\\ArgvInput), Object(Symfony\\Component\\Console\\Output\\ConsoleOutput))
#27 {main}
"} 
[2018-12-17 03:45:42] local.ERROR: SQLSTATE[42S01]: Base table or view already exists: 1050 Table 'users' already exists (SQL: create table `users` (`id` int unsigned not null auto_increment primary key, `name` varchar(191) not null, `email` varchar(191) not null, `password` varchar(191) not null, `remember_token` varchar(100) null, `created_at` timestamp null, `updated_at` timestamp null) default character set utf8mb4 collate utf8mb4_unicode_ci) {"exception":"[object] (Illuminate\\Database\\QueryException(code: 42S01): SQLSTATE[42S01]: Base table or view already exists: 1050 Table 'users' already exists (SQL: create table `users` (`id` int unsigned not null auto_increment primary key, `name` varchar(191) not null, `email` varchar(191) not null, `password` varchar(191) not null, `remember_token` varchar(100) null, `created_at` timestamp null, `updated_at` timestamp null) default character set utf8mb4 collate utf8mb4_unicode_ci) at C:\\xampp\\htdocs\\E-commerceApp\\vendor\\laravel\\framework\\src\\Illuminate\\Database\\Connection.php:664, PDOException(code: 42S01): SQLSTATE[42S01]: Base table or view already exists: 1050 Table 'users' already exists at C:\\xampp\\htdocs\\E-commerceApp\\vendor\\laravel\\framework\\src\\Illuminate\\Database\\Connection.php:458)
[stacktrace]
#0 C:\\xampp\\htdocs\\E-commerceApp\\vendor\\laravel\\framework\\src\\Illuminate\\Database\\Connection.php(624): Illuminate\\Database\\Connection->runQueryCallback('create table `u...', Array, Object(Closure))
#1 C:\\xampp\\htdocs\\E-commerceApp\\vendor\\laravel\\framework\\src\\Illuminate\\Database\\Connection.php(459): Illuminate\\Database\\Connection->run('create table `u...', Array, Object(Closure))
#2 C:\\xampp\\htdocs\\E-commerceApp\\vendor\\laravel\\framework\\src\\Illuminate\\Database\\Schema\\Blueprint.php(86): Illuminate\\Database\\Connection->statement('create table `u...')
#3 C:\\xampp\\htdocs\\E-commerceApp\\vendor\\laravel\\framework\\src\\Illuminate\\Database\\Schema\\Builder.php(252): Illuminate\\Database\\Schema\\Blueprint->build(Object(Illuminate\\Database\\MySqlConnection), Object(Illuminate\\Database\\Schema\\Grammars\\MySqlGrammar))
#4 C:\\xampp\\htdocs\\E-commerceApp\\vendor\\laravel\\framework\\src\\Illuminate\\Database\\Schema\\Builder.php(165): Illuminate\\Database\\Schema\\Builder->build(Object(Illuminate\\Database\\Schema\\Blueprint))
#5 C:\\xampp\\htdocs\\E-commerceApp\\vendor\\laravel\\framework\\src\\Illuminate\\Support\\Facades\\Facade.php(221): Illuminate\\Database\\Schema\\Builder->create('users', Object(Closure))
#6 C:\\xampp\\htdocs\\E-commerceApp\\database\\migrations\\2014_10_12_000000_create_users_table.php(23): Illuminate\\Support\\Facades\\Facade::__callStatic('create', Array)
#7 C:\\xampp\\htdocs\\E-commerceApp\\vendor\\laravel\\framework\\src\\Illuminate\\Database\\Migrations\\Migrator.php(359): CreateUsersTable->up()
#8 C:\\xampp\\htdocs\\E-commerceApp\\vendor\\laravel\\framework\\src\\Illuminate\\Database\\Migrations\\Migrator.php(366): Illuminate\\Database\\Migrations\\Migrator->Illuminate\\Database\\Migrations\\{closure}()
#9 C:\\xampp\\htdocs\\E-commerceApp\\vendor\\laravel\\framework\\src\\Illuminate\\Database\\Migrations\\Migrator.php(177): Illuminate\\Database\\Migrations\\Migrator->runMigration(Object(CreateUsersTable), 'up')
#10 C:\\xampp\\htdocs\\E-commerceApp\\vendor\\laravel\\framework\\src\\Illuminate\\Database\\Migrations\\Migrator.php(146): Illuminate\\Database\\Migrations\\Migrator->runUp('C:\\\\xampp\\\\htdocs...', 1, false)
#11 C:\\xampp\\htdocs\\E-commerceApp\\vendor\\laravel\\framework\\src\\Illuminate\\Database\\Migrations\\Migrator.php(95): Illuminate\\Database\\Migrations\\Migrator->runPending(Array, Array)
#12 C:\\xampp\\htdocs\\E-commerceApp\\vendor\\laravel\\framework\\src\\Illuminate\\Database\\Console\\Migrations\\MigrateCommand.php(69): Illuminate\\Database\\Migrations\\Migrator->run(Array, Array)
#13 [internal function]: Illuminate\\Database\\Console\\Migrations\\MigrateCommand->handle()
#14 C:\\xampp\\htdocs\\E-commerceApp\\vendor\\laravel\\framework\\src\\Illuminate\\Container\\BoundMethod.php(29): call_user_func_array(Array, Array)
#15 C:\\xampp\\htdocs\\E-commerceApp\\vendor\\laravel\\framework\\src\\Illuminate\\Container\\BoundMethod.php(87): Illuminate\\Container\\BoundMethod::Illuminate\\Container\\{closure}()
#16 C:\\xampp\\htdocs\\E-commerceApp\\vendor\\laravel\\framework\\src\\Illuminate\\Container\\BoundMethod.php(31): Illuminate\\Container\\BoundMethod::callBoundMethod(Object(Illuminate\\Foundation\\Application), Array, Object(Closure))
#17 C:\\xampp\\htdocs\\E-commerceApp\\vendor\\laravel\\framework\\src\\Illuminate\\Container\\Container.php(549): Illuminate\\Container\\BoundMethod::call(Object(Illuminate\\Foundation\\Application), Array, Array, NULL)
#18 C:\\xampp\\htdocs\\E-commerceApp\\vendor\\laravel\\framework\\src\\Illuminate\\Console\\Command.php(183): Illuminate\\Container\\Container->call(Array)
#19 C:\\xampp\\htdocs\\E-commerceApp\\vendor\\symfony\\console\\Command\\Command.php(255): Illuminate\\Console\\Command->execute(Object(Symfony\\Component\\Console\\Input\\ArgvInput), Object(Illuminate\\Console\\OutputStyle))
#20 C:\\xampp\\htdocs\\E-commerceApp\\vendor\\laravel\\framework\\src\\Illuminate\\Console\\Command.php(170): Symfony\\Component\\Console\\Command\\Command->run(Object(Symfony\\Component\\Console\\Input\\ArgvInput), Object(Illuminate\\Console\\OutputStyle))
#21 C:\\xampp\\htdocs\\E-commerceApp\\vendor\\symfony\\console\\Application.php(953): Illuminate\\Console\\Command->run(Object(Symfony\\Component\\Console\\Input\\ArgvInput), Object(Symfony\\Component\\Console\\Output\\ConsoleOutput))
#22 C:\\xampp\\htdocs\\E-commerceApp\\vendor\\symfony\\console\\Application.php(248): Symfony\\Component\\Console\\Application->doRunCommand(Object(Illuminate\\Database\\Console\\Migrations\\MigrateCommand), Object(Symfony\\Component\\Console\\Input\\ArgvInput), Object(Symfony\\Component\\Console\\Output\\ConsoleOutput))
#23 C:\\xampp\\htdocs\\E-commerceApp\\vendor\\symfony\\console\\Application.php(148): Symfony\\Component\\Console\\Application->doRun(Object(Symfony\\Component\\Console\\Input\\ArgvInput), Object(Symfony\\Component\\Console\\Output\\ConsoleOutput))
#24 C:\\xampp\\htdocs\\E-commerceApp\\vendor\\laravel\\framework\\src\\Illuminate\\Console\\Application.php(88): Symfony\\Component\\Console\\Application->run(Object(Symfony\\Component\\Console\\Input\\ArgvInput), Object(Symfony\\Component\\Console\\Output\\ConsoleOutput))
#25 C:\\xampp\\htdocs\\E-commerceApp\\vendor\\laravel\\framework\\src\\Illuminate\\Foundation\\Console\\Kernel.php(121): Illuminate\\Console\\Application->run(Object(Symfony\\Component\\Console\\Input\\ArgvInput), Object(Symfony\\Component\\Console\\Output\\ConsoleOutput))
#26 C:\\xampp\\htdocs\\E-commerceApp\\artisan(37): Illuminate\\Foundation\\Console\\Kernel->handle(Object(Symfony\\Component\\Console\\Input\\ArgvInput), Object(Symfony\\Component\\Console\\Output\\ConsoleOutput))
#27 {main}
"} 
[2018-12-17 03:46:07] local.ERROR: Call to undefined function unique() {"exception":"[object] (Symfony\\Component\\Debug\\Exception\\FatalThrowableError(code: 0): Call to undefined function unique() at C:\\xampp\\htdocs\\E-commerceApp\\database\\migrations\\2018_12_17_025314_create_admins_table.php:19)
[stacktrace]
#0 C:\\xampp\\htdocs\\E-commerceApp\\vendor\\laravel\\framework\\src\\Illuminate\\Database\\Schema\\Builder.php(164): CreateAdminsTable->{closure}(Object(Illuminate\\Database\\Schema\\Blueprint))
#1 C:\\xampp\\htdocs\\E-commerceApp\\vendor\\laravel\\framework\\src\\Illuminate\\Support\\helpers.php(1038): Illuminate\\Database\\Schema\\Builder->Illuminate\\Database\\Schema\\{closure}(Object(Illuminate\\Database\\Schema\\Blueprint))
#2 C:\\xampp\\htdocs\\E-commerceApp\\vendor\\laravel\\framework\\src\\Illuminate\\Database\\Schema\\Builder.php(165): tap(Object(Illuminate\\Database\\Schema\\Blueprint), Object(Closure))
#3 C:\\xampp\\htdocs\\E-commerceApp\\vendor\\laravel\\framework\\src\\Illuminate\\Support\\Facades\\Facade.php(221): Illuminate\\Database\\Schema\\Builder->create('admins', Object(Closure))
#4 C:\\xampp\\htdocs\\E-commerceApp\\database\\migrations\\2018_12_17_025314_create_admins_table.php(22): Illuminate\\Support\\Facades\\Facade::__callStatic('create', Array)
#5 C:\\xampp\\htdocs\\E-commerceApp\\vendor\\laravel\\framework\\src\\Illuminate\\Database\\Migrations\\Migrator.php(359): CreateAdminsTable->up()
#6 C:\\xampp\\htdocs\\E-commerceApp\\vendor\\laravel\\framework\\src\\Illuminate\\Database\\Migrations\\Migrator.php(366): Illuminate\\Database\\Migrations\\Migrator->Illuminate\\Database\\Migrations\\{closure}()
#7 C:\\xampp\\htdocs\\E-commerceApp\\vendor\\laravel\\framework\\src\\Illuminate\\Database\\Migrations\\Migrator.php(177): Illuminate\\Database\\Migrations\\Migrator->runMigration(Object(CreateAdminsTable), 'up')
#8 C:\\xampp\\htdocs\\E-commerceApp\\vendor\\laravel\\framework\\src\\Illuminate\\Database\\Migrations\\Migrator.php(146): Illuminate\\Database\\Migrations\\Migrator->runUp('C:\\\\xampp\\\\htdocs...', 1, false)
#9 C:\\xampp\\htdocs\\E-commerceApp\\vendor\\laravel\\framework\\src\\Illuminate\\Database\\Migrations\\Migrator.php(95): Illuminate\\Database\\Migrations\\Migrator->runPending(Array, Array)
#10 C:\\xampp\\htdocs\\E-commerceApp\\vendor\\laravel\\framework\\src\\Illuminate\\Database\\Console\\Migrations\\MigrateCommand.php(69): Illuminate\\Database\\Migrations\\Migrator->run(Array, Array)
#11 [internal function]: Illuminate\\Database\\Console\\Migrations\\MigrateCommand->handle()
#12 C:\\xampp\\htdocs\\E-commerceApp\\vendor\\laravel\\framework\\src\\Illuminate\\Container\\BoundMethod.php(29): call_user_func_array(Array, Array)
#13 C:\\xampp\\htdocs\\E-commerceApp\\vendor\\laravel\\framework\\src\\Illuminate\\Container\\BoundMethod.php(87): Illuminate\\Container\\BoundMethod::Illuminate\\Container\\{closure}()
#14 C:\\xampp\\htdocs\\E-commerceApp\\vendor\\laravel\\framework\\src\\Illuminate\\Container\\BoundMethod.php(31): Illuminate\\Container\\BoundMethod::callBoundMethod(Object(Illuminate\\Foundation\\Application), Array, Object(Closure))
#15 C:\\xampp\\htdocs\\E-commerceApp\\vendor\\laravel\\framework\\src\\Illuminate\\Container\\Container.php(549): Illuminate\\Container\\BoundMethod::call(Object(Illuminate\\Foundation\\Application), Array, Array, NULL)
#16 C:\\xampp\\htdocs\\E-commerceApp\\vendor\\laravel\\framework\\src\\Illuminate\\Console\\Command.php(183): Illuminate\\Container\\Container->call(Array)
#17 C:\\xampp\\htdocs\\E-commerceApp\\vendor\\symfony\\console\\Command\\Command.php(255): Illuminate\\Console\\Command->execute(Object(Symfony\\Component\\Console\\Input\\ArgvInput), Object(Illuminate\\Console\\OutputStyle))
#18 C:\\xampp\\htdocs\\E-commerceApp\\vendor\\laravel\\framework\\src\\Illuminate\\Console\\Command.php(170): Symfony\\Component\\Console\\Command\\Command->run(Object(Symfony\\Component\\Console\\Input\\ArgvInput), Object(Illuminate\\Console\\OutputStyle))
#19 C:\\xampp\\htdocs\\E-commerceApp\\vendor\\symfony\\console\\Application.php(953): Illuminate\\Console\\Command->run(Object(Symfony\\Component\\Console\\Input\\ArgvInput), Object(Symfony\\Component\\Console\\Output\\ConsoleOutput))
#20 C:\\xampp\\htdocs\\E-commerceApp\\vendor\\symfony\\console\\Application.php(248): Symfony\\Component\\Console\\Application->doRunCommand(Object(Illuminate\\Database\\Console\\Migrations\\MigrateCommand), Object(Symfony\\Component\\Console\\Input\\ArgvInput), Object(Symfony\\Component\\Console\\Output\\ConsoleOutput))
#21 C:\\xampp\\htdocs\\E-commerceApp\\vendor\\symfony\\console\\Application.php(148): Symfony\\Component\\Console\\Application->doRun(Object(Symfony\\Component\\Console\\Input\\ArgvInput), Object(Symfony\\Component\\Console\\Output\\ConsoleOutput))
#22 C:\\xampp\\htdocs\\E-commerceApp\\vendor\\laravel\\framework\\src\\Illuminate\\Console\\Application.php(88): Symfony\\Component\\Console\\Application->run(Object(Symfony\\Component\\Console\\Input\\ArgvInput), Object(Symfony\\Component\\Console\\Output\\ConsoleOutput))
#23 C:\\xampp\\htdocs\\E-commerceApp\\vendor\\laravel\\framework\\src\\Illuminate\\Foundation\\Console\\Kernel.php(121): Illuminate\\Console\\Application->run(Object(Symfony\\Component\\Console\\Input\\ArgvInput), Object(Symfony\\Component\\Console\\Output\\ConsoleOutput))
#24 C:\\xampp\\htdocs\\E-commerceApp\\artisan(37): Illuminate\\Foundation\\Console\\Kernel->handle(Object(Symfony\\Component\\Console\\Input\\ArgvInput), Object(Symfony\\Component\\Console\\Output\\ConsoleOutput))
#25 {main}
"} 
